<?xml version="1.0" encoding="UTF-8"?>
<testng-results total="1" passed="1" failed="0" skipped="0">
  <reporter-output>
  </reporter-output>
  <suite started-at="2024-04-22T00:34:23Z" name="Default suite" finished-at="2024-04-22T00:36:07Z" duration-ms="103538">
    <groups>
    </groups>
    <test started-at="2024-04-22T00:34:23Z" name="Default test" finished-at="2024-04-22T00:36:07Z" duration-ms="103538">
      <class name="test.NewCustomerTest">
        <test-method signature="userShouldBeAbleToAddNewCustomer()[pri:0, instance:test.NewCustomerTest@3676ac27]" started-at="2024-04-21T19:34:23Z" name="userShouldBeAbleToAddNewCustomer" finished-at="2024-04-21T19:36:07Z" duration-ms="103519" status="PASS">
          <reporter-output>
          </reporter-output>
        </test-method> <!-- userShouldBeAbleToAddNewCustomer -->
      </class> <!-- test.NewCustomerTest -->
    </test> <!-- Default test -->
  </suite> <!-- Default suite -->
</testng-results>
